  [1m[36m (4.5ms)[0m  [1mCREATE TABLE "schema_migrations" ("version" character varying NOT NULL) [0m
  [1m[35m (2.7ms)[0m  CREATE UNIQUE INDEX  "unique_schema_migrations" ON "schema_migrations"  ("version")
  [1m[36mActiveRecord::SchemaMigration Load (0.3ms)[0m  [1mSELECT "schema_migrations".* FROM "schema_migrations"[0m
Migrating to CreateWidgets (20140707111715)
  [1m[35m (0.1ms)[0m  BEGIN
DEPRECATION WARNING: `#timestamps` was called without specifying an option for `null`. In Rails 5, this behavior will change to `null: false`. You should manually specify `null: true` to prevent the behavior of your existing migrations from changing. (called from block in change at /Users/bentejes/ruby-getting-started/db/migrate/20140707111715_create_widgets.rb:8)
  [1m[36m (6.5ms)[0m  [1mCREATE TABLE "widgets" ("id" serial primary key, "name" character varying, "description" text, "stock" integer, "created_at" timestamp, "updated_at" timestamp) [0m
  [1m[35mSQL (0.2ms)[0m  INSERT INTO "schema_migrations" ("version") VALUES ($1)  [["version", "20140707111715"]]
  [1m[36m (0.4ms)[0m  [1mCOMMIT[0m
  [1m[35mActiveRecord::SchemaMigration Load (0.2ms)[0m  SELECT "schema_migrations".* FROM "schema_migrations"
  [1m[36m (4.0ms)[0m  [1mSELECT t2.oid::regclass::text AS to_table, a1.attname AS column, a2.attname AS primary_key, c.conname AS name, c.confupdtype AS on_update, c.confdeltype AS on_delete
FROM pg_constraint c
JOIN pg_class t1 ON c.conrelid = t1.oid
JOIN pg_class t2 ON c.confrelid = t2.oid
JOIN pg_attribute a1 ON a1.attnum = c.conkey[1] AND a1.attrelid = t1.oid
JOIN pg_attribute a2 ON a2.attnum = c.confkey[1] AND a2.attrelid = t2.oid
JOIN pg_namespace t3 ON c.connamespace = t3.oid
WHERE c.contype = 'f'
  AND t1.relname = 'widgets'
  AND t3.nspname = ANY (current_schemas(false))
ORDER BY c.conname
[0m


Started GET "/" for 127.0.0.1 at 2017-05-25 09:43:12 -0700
  [1m[36mActiveRecord::SchemaMigration Load (0.6ms)[0m  [1mSELECT "schema_migrations".* FROM "schema_migrations"[0m
Processing by WelcomeController#index as HTML
  Rendered welcome/index.erb within layouts/application (832.9ms)
Completed 200 OK in 932ms (Views: 922.8ms | ActiveRecord: 0.0ms)


Started GET "/assets/jquery.self-bd7ddd393353a8d2480a622e80342adf488fb6006d667e8b42e4c0073393abee.js?body=1" for 127.0.0.1 at 2017-05-25 09:43:13 -0700


Started GET "/assets/jquery_ujs.self-784a997f6726036b1993eb2217c9cb558e1cbb801c6da88105588c56f13b466a.js?body=1" for 127.0.0.1 at 2017-05-25 09:43:14 -0700


Started GET "/assets/turbolinks.self-c5acd7a204f5f25ce7a1d8a0e4d92e28d34c9e2df2c7371cd7af88e147e4ad82.js?body=1" for 127.0.0.1 at 2017-05-25 09:43:14 -0700


Started GET "/assets/welcome.self-877aef30ae1b040ab8a3aba4e3e309a11d7f2612f44dde450b5c157aa5f95c05.js?body=1" for 127.0.0.1 at 2017-05-25 09:43:14 -0700


Started GET "/assets/widgets.self-877aef30ae1b040ab8a3aba4e3e309a11d7f2612f44dde450b5c157aa5f95c05.js?body=1" for 127.0.0.1 at 2017-05-25 09:43:14 -0700


Started GET "/assets/application.self-85a3df08aab34bc6a22c0cf18bd349b5a3fda5edca3e6dead5e0390446173b12.js?body=1" for 127.0.0.1 at 2017-05-25 09:43:14 -0700


Started GET "/assets/application.self-565a90fd247bd9ef75cf5f71be1e11e37c3ad80695d8bdfb331fe844afbe0a9e.css?body=1" for 127.0.0.1 at 2017-05-25 09:43:14 -0700
  [1m[36mActiveRecord::SchemaMigration Load (0.5ms)[0m  [1mSELECT "schema_migrations".* FROM "schema_migrations"[0m


Started GET "/assets/scaffolds.self-e3b0c44298fc1c149afbf4c8996fb92427ae41e4649b934ca495991b7852b855.css?body=1" for 127.0.0.1 at 2017-05-25 09:43:14 -0700


Started GET "/assets/theme.self-d69b5504526f98f6339fe39d29d055962168a9fc0389df5698d89b2c3b739499.css?body=1" for 127.0.0.1 at 2017-05-25 09:43:14 -0700


Started GET "/assets/widgets.self-e3b0c44298fc1c149afbf4c8996fb92427ae41e4649b934ca495991b7852b855.css?body=1" for 127.0.0.1 at 2017-05-25 09:43:14 -0700


Started GET "/assets/welcome.self-e3b0c44298fc1c149afbf4c8996fb92427ae41e4649b934ca495991b7852b855.css?body=1" for 127.0.0.1 at 2017-05-25 09:43:14 -0700


Started GET "/assets/lang-logo-975635515a3eba8a4dbe12956ddcce29610bf587eba6f72c1a66e6a4c97dce44.png" for 127.0.0.1 at 2017-05-25 09:43:14 -0700


Started GET "/" for 127.0.0.1 at 2017-05-25 09:43:17 -0700
Processing by WelcomeController#index as HTML
  Rendered welcome/index.erb within layouts/application (13.0ms)
Completed 200 OK in 49ms (Views: 38.8ms | ActiveRecord: 0.0ms)


Started GET "/" for 127.0.0.1 at 2017-05-25 09:43:26 -0700
Processing by WelcomeController#index as HTML
  Rendered welcome/index.erb within layouts/application (0.7ms)
Completed 200 OK in 13ms (Views: 12.2ms | ActiveRecord: 0.0ms)


Started GET "/" for 127.0.0.1 at 2017-05-25 09:48:23 -0700
  [1m[36mActiveRecord::SchemaMigration Load (0.4ms)[0m  [1mSELECT "schema_migrations".* FROM "schema_migrations"[0m
Processing by WelcomeController#index as HTML
  Rendered welcome/index.erb within layouts/application (258.8ms)
Completed 200 OK in 313ms (Views: 303.9ms | ActiveRecord: 0.0ms)


Started GET "/" for 127.0.0.1 at 2017-05-25 09:48:30 -0700
Processing by WelcomeController#index as HTML
  Rendered welcome/index.erb within layouts/application (1.0ms)
Completed 200 OK in 19ms (Views: 18.6ms | ActiveRecord: 0.0ms)


Started GET "/" for 127.0.0.1 at 2017-05-25 09:48:34 -0700
Processing by WelcomeController#index as HTML
  Rendered welcome/index.erb within layouts/application (0.8ms)
Completed 200 OK in 15ms (Views: 14.8ms | ActiveRecord: 0.0ms)


Started GET "/" for 127.0.0.1 at 2017-05-25 10:29:02 -0700
  [1m[36mActiveRecord::SchemaMigration Load (1.2ms)[0m  [1mSELECT "schema_migrations".* FROM "schema_migrations"[0m
Processing by WelcomeController#index as HTML
  Rendered welcome/index.erb within layouts/application (195.2ms)
Completed 200 OK in 261ms (Views: 250.8ms | ActiveRecord: 0.0ms)


Started GET "/" for 127.0.0.1 at 2017-05-25 10:39:57 -0700
  [1m[36mActiveRecord::SchemaMigration Load (0.3ms)[0m  [1mSELECT "schema_migrations".* FROM "schema_migrations"[0m
Processing by WelcomeController#index as HTML
  Rendered welcome/index.erb within layouts/application (187.6ms)
Completed 200 OK in 242ms (Views: 234.0ms | ActiveRecord: 0.0ms)
